[2024-07-29T18:37:15.341Z] [INFO] Card created: ee3fa96f-49f3-4def-b0dc-062c106b0d13
[2024-07-29T18:37:15.342Z] [INFO] Card created: d1f87d99-150c-4027-8727-0a1901972749
[2024-07-29T18:37:20.471Z] [INFO] Card created: 4fc6153d-ac99-41ed-8cd3-e0e532debdd6
[2024-07-29T19:48:40.746Z] [INFO] Reorder cards from list 1008d52a-ddf8-4c0f-a947-59b54a42a12e index 0 to list 98795470-8a8b-44ad-9e3f-0a7309e5a5ac index 0
[2024-07-29T19:48:40.748Z] [INFO] Cards reordered from 1008d52a-ddf8-4c0f-a947-59b54a42a12e to 98795470-8a8b-44ad-9e3f-0a7309e5a5ac
[2024-07-29T19:48:41.711Z] [INFO] Reorder cards from list 98795470-8a8b-44ad-9e3f-0a7309e5a5ac index 0 to list 1008d52a-ddf8-4c0f-a947-59b54a42a12e index 0
[2024-07-29T19:48:41.712Z] [INFO] Cards reordered from 98795470-8a8b-44ad-9e3f-0a7309e5a5ac to 1008d52a-ddf8-4c0f-a947-59b54a42a12e
[2024-07-29T19:48:43.326Z] [INFO] Card created: 2ca5c0b8-68cc-49a9-b133-a756f1ba8015
[2024-07-29T19:48:44.627Z] [INFO] Card description changed: 2ca5c0b8-68cc-49a9-b133-a756f1ba8015
[2024-07-29T19:48:44.729Z] [INFO] Card description changed: 2ca5c0b8-68cc-49a9-b133-a756f1ba8015
[2024-07-29T19:48:44.812Z] [INFO] Card description changed: 2ca5c0b8-68cc-49a9-b133-a756f1ba8015
[2024-07-29T19:48:44.850Z] [INFO] Card description changed: 2ca5c0b8-68cc-49a9-b133-a756f1ba8015
[2024-07-29T19:48:44.863Z] [INFO] Card description changed: 2ca5c0b8-68cc-49a9-b133-a756f1ba8015
[2024-07-29T19:48:44.901Z] [INFO] Card description changed: 2ca5c0b8-68cc-49a9-b133-a756f1ba8015
[2024-07-29T19:48:53.995Z] [INFO] Card description changed: 2ca5c0b8-68cc-49a9-b133-a756f1ba8015
[2024-07-29T19:48:54.285Z] [INFO] Card description changed: 2ca5c0b8-68cc-49a9-b133-a756f1ba8015
[2024-07-29T19:48:54.384Z] [INFO] Card description changed: 2ca5c0b8-68cc-49a9-b133-a756f1ba8015
[2024-07-29T19:48:54.470Z] [INFO] Card description changed: 2ca5c0b8-68cc-49a9-b133-a756f1ba8015
[2024-07-29T19:48:54.580Z] [INFO] Card description changed: 2ca5c0b8-68cc-49a9-b133-a756f1ba8015
[2024-07-29T19:50:11.751Z] [INFO] Card created: 97643811-7265-4275-a9dd-8707d9785b0e
[2024-07-29T19:50:13.891Z] [INFO] Card renamed: 97643811-7265-4275-a9dd-8707d9785b0e to sa
[2024-07-29T19:50:14.032Z] [INFO] Card renamed: 97643811-7265-4275-a9dd-8707d9785b0e to s
[2024-07-29T19:50:14.156Z] [INFO] Card renamed: 97643811-7265-4275-a9dd-8707d9785b0e to 
[2024-07-29T19:50:14.689Z] [INFO] Card renamed: 97643811-7265-4275-a9dd-8707d9785b0e to J
[2024-07-29T19:50:14.857Z] [INFO] Card renamed: 97643811-7265-4275-a9dd-8707d9785b0e to Jh
[2024-07-29T19:50:14.994Z] [INFO] Card renamed: 97643811-7265-4275-a9dd-8707d9785b0e to Jho
[2024-07-29T19:50:15.098Z] [INFO] Card renamed: 97643811-7265-4275-a9dd-8707d9785b0e to Jhon
[2024-07-29T19:50:18.755Z] [INFO] Reorder cards from list f8f293e5-3dbc-4f36-a9f9-816cd4224a4c index 1 to list acec809c-aec7-43d4-a151-94cd9d93099a index 1
[2024-07-29T19:50:18.756Z] [INFO] Cards reordered from f8f293e5-3dbc-4f36-a9f9-816cd4224a4c to acec809c-aec7-43d4-a151-94cd9d93099a
[2024-07-29T19:50:19.773Z] [INFO] Reorder cards from list acec809c-aec7-43d4-a151-94cd9d93099a index 1 to list f8f293e5-3dbc-4f36-a9f9-816cd4224a4c index 1
[2024-07-29T19:50:19.774Z] [INFO] Cards reordered from acec809c-aec7-43d4-a151-94cd9d93099a to f8f293e5-3dbc-4f36-a9f9-816cd4224a4c
[2024-07-29T19:50:20.307Z] [INFO] Card description changed: 97643811-7265-4275-a9dd-8707d9785b0e
[2024-07-29T19:50:20.537Z] [INFO] Card description changed: 97643811-7265-4275-a9dd-8707d9785b0e
[2024-07-29T19:50:20.668Z] [INFO] Card description changed: 97643811-7265-4275-a9dd-8707d9785b0e
[2024-07-29T19:50:20.756Z] [INFO] Card description changed: 97643811-7265-4275-a9dd-8707d9785b0e
[2024-07-29T19:50:20.847Z] [INFO] Card description changed: 97643811-7265-4275-a9dd-8707d9785b0e
[2024-07-29T19:50:20.950Z] [INFO] Card description changed: 97643811-7265-4275-a9dd-8707d9785b0e
[2024-07-29T19:50:21.040Z] [INFO] Card description changed: 97643811-7265-4275-a9dd-8707d9785b0e
[2024-07-29T19:50:21.138Z] [INFO] Card description changed: 97643811-7265-4275-a9dd-8707d9785b0e
[2024-07-29T19:50:22.983Z] [INFO] Reorder cards from list f8f293e5-3dbc-4f36-a9f9-816cd4224a4c index 1 to list acec809c-aec7-43d4-a151-94cd9d93099a index 1
[2024-07-29T19:50:22.985Z] [INFO] Cards reordered from f8f293e5-3dbc-4f36-a9f9-816cd4224a4c to acec809c-aec7-43d4-a151-94cd9d93099a
[2024-07-29T19:50:24.300Z] [INFO] Reorder cards from list acec809c-aec7-43d4-a151-94cd9d93099a index 1 to list f8f293e5-3dbc-4f36-a9f9-816cd4224a4c index 1
[2024-07-29T19:50:24.301Z] [INFO] Cards reordered from acec809c-aec7-43d4-a151-94cd9d93099a to f8f293e5-3dbc-4f36-a9f9-816cd4224a4c
[2024-07-29T19:50:57.754Z] [INFO] Card created: 11e0a23d-4f3e-466b-bf99-e4a7633b1872
[2024-07-29T19:50:58.479Z] [INFO] Card description changed: 11e0a23d-4f3e-466b-bf99-e4a7633b1872
[2024-07-29T19:50:58.583Z] [INFO] Card description changed: 11e0a23d-4f3e-466b-bf99-e4a7633b1872
[2024-07-29T19:50:58.662Z] [INFO] Card description changed: 11e0a23d-4f3e-466b-bf99-e4a7633b1872
[2024-07-29T19:50:58.774Z] [INFO] Card description changed: 11e0a23d-4f3e-466b-bf99-e4a7633b1872
[2024-07-29T19:52:26.501Z] [INFO] Card deleted: 11e0a23d-4f3e-466b-bf99-e4a7633b1872
[2024-07-29T19:52:29.273Z] [INFO] Card created: dc8a9d67-a879-42d1-8439-da0f24fd9157
[2024-07-29T19:54:05.541Z] [INFO] Card created: 0157ce60-d591-4b52-9d37-59208d54aab2
[2024-07-29T19:54:09.438Z] [INFO] Card created: 10cac95d-985f-4889-9552-ee88c32d19e3
[2024-07-29T19:54:10.370Z] [INFO] Card description changed: 10cac95d-985f-4889-9552-ee88c32d19e3
[2024-07-29T19:54:10.650Z] [INFO] Card description changed: 10cac95d-985f-4889-9552-ee88c32d19e3
[2024-07-29T19:54:11.432Z] [INFO] Card description changed: 10cac95d-985f-4889-9552-ee88c32d19e3
[2024-07-29T19:54:11.732Z] [INFO] Card description changed: 10cac95d-985f-4889-9552-ee88c32d19e3
[2024-07-29T19:54:17.729Z] [INFO] Reorder cards from list 54113e2d-e18f-40e4-a981-0f929fcc72da index 1 to list ae4622fe-a9b1-4251-9d9b-112fc49ecf02 index 1
[2024-07-29T19:54:17.730Z] [INFO] Cards reordered from 54113e2d-e18f-40e4-a981-0f929fcc72da to ae4622fe-a9b1-4251-9d9b-112fc49ecf02
[2024-07-29T19:54:18.962Z] [INFO] Reorder cards from list ae4622fe-a9b1-4251-9d9b-112fc49ecf02 index 1 to list 54113e2d-e18f-40e4-a981-0f929fcc72da index 1
[2024-07-29T19:54:18.963Z] [INFO] Cards reordered from ae4622fe-a9b1-4251-9d9b-112fc49ecf02 to 54113e2d-e18f-40e4-a981-0f929fcc72da
[2024-07-29T19:54:20.627Z] [INFO] Reorder cards from list ae4622fe-a9b1-4251-9d9b-112fc49ecf02 index 2 to list 54113e2d-e18f-40e4-a981-0f929fcc72da index 2
[2024-07-29T19:54:20.628Z] [INFO] Cards reordered from ae4622fe-a9b1-4251-9d9b-112fc49ecf02 to 54113e2d-e18f-40e4-a981-0f929fcc72da
[2024-07-29T19:54:21.610Z] [INFO] Reorder cards from list 54113e2d-e18f-40e4-a981-0f929fcc72da index 2 to list ae4622fe-a9b1-4251-9d9b-112fc49ecf02 index 2
[2024-07-29T19:54:21.611Z] [INFO] Cards reordered from 54113e2d-e18f-40e4-a981-0f929fcc72da to ae4622fe-a9b1-4251-9d9b-112fc49ecf02
[2024-07-29T19:54:22.854Z] [INFO] Card deleted: 10cac95d-985f-4889-9552-ee88c32d19e3
[2024-07-29T19:54:43.991Z] [INFO] List created: Juan
[2024-07-29T19:54:46.310Z] [INFO] Reorder cards from list 54113e2d-e18f-40e4-a981-0f929fcc72da index 0 to list 8e1ef7a9-1ad5-4445-a268-67ae5e32e1e3 index 0
[2024-07-29T19:54:46.311Z] [INFO] Cards reordered from 54113e2d-e18f-40e4-a981-0f929fcc72da to 8e1ef7a9-1ad5-4445-a268-67ae5e32e1e3
[2024-07-29T19:54:53.645Z] [INFO] Card created: cd63b809-cd91-426a-a2a6-26f941f87326
[2024-07-29T19:54:55.359Z] [INFO] Card description changed: cd63b809-cd91-426a-a2a6-26f941f87326
[2024-07-29T19:54:55.518Z] [INFO] Card description changed: cd63b809-cd91-426a-a2a6-26f941f87326
[2024-07-29T19:54:55.625Z] [INFO] Card description changed: cd63b809-cd91-426a-a2a6-26f941f87326
[2024-07-29T19:54:55.790Z] [INFO] Card description changed: cd63b809-cd91-426a-a2a6-26f941f87326
[2024-07-29T19:54:55.959Z] [INFO] Card description changed: cd63b809-cd91-426a-a2a6-26f941f87326
[2024-07-29T19:54:56.092Z] [INFO] Card description changed: cd63b809-cd91-426a-a2a6-26f941f87326
[2024-07-29T19:54:56.214Z] [INFO] Card description changed: cd63b809-cd91-426a-a2a6-26f941f87326
[2024-07-29T19:54:56.360Z] [INFO] Card description changed: cd63b809-cd91-426a-a2a6-26f941f87326
[2024-07-29T19:54:56.527Z] [INFO] Card description changed: cd63b809-cd91-426a-a2a6-26f941f87326
[2024-07-29T19:54:56.875Z] [INFO] Card description changed: cd63b809-cd91-426a-a2a6-26f941f87326
[2024-07-29T19:54:57.106Z] [INFO] Card description changed: cd63b809-cd91-426a-a2a6-26f941f87326
[2024-07-29T19:54:57.334Z] [INFO] Card description changed: cd63b809-cd91-426a-a2a6-26f941f87326
[2024-07-29T19:54:57.414Z] [INFO] Card description changed: cd63b809-cd91-426a-a2a6-26f941f87326
[2024-07-29T19:54:57.576Z] [INFO] Card description changed: cd63b809-cd91-426a-a2a6-26f941f87326
[2024-07-29T19:54:57.674Z] [INFO] Card description changed: cd63b809-cd91-426a-a2a6-26f941f87326
[2024-07-29T19:54:57.712Z] [INFO] Card description changed: cd63b809-cd91-426a-a2a6-26f941f87326
[2024-07-29T19:54:57.863Z] [INFO] Card description changed: cd63b809-cd91-426a-a2a6-26f941f87326
[2024-07-29T19:55:01.719Z] [INFO] Card duplicated: a4379eac-815d-4411-94bc-259f5f4fe7e4
[2024-07-29T19:55:06.547Z] [INFO] Card description changed: a4379eac-815d-4411-94bc-259f5f4fe7e4
[2024-07-29T19:55:06.962Z] [INFO] Card description changed: a4379eac-815d-4411-94bc-259f5f4fe7e4
[2024-07-29T19:55:07.118Z] [INFO] Card description changed: a4379eac-815d-4411-94bc-259f5f4fe7e4
[2024-07-29T19:55:07.237Z] [INFO] Card description changed: a4379eac-815d-4411-94bc-259f5f4fe7e4
[2024-07-29T19:55:07.318Z] [INFO] Card description changed: a4379eac-815d-4411-94bc-259f5f4fe7e4
[2024-07-29T19:55:10.470Z] [INFO] Reorder cards from list 8e1ef7a9-1ad5-4445-a268-67ae5e32e1e3 index 2 to list 54113e2d-e18f-40e4-a981-0f929fcc72da index 0
[2024-07-29T19:55:10.471Z] [INFO] Cards reordered from 8e1ef7a9-1ad5-4445-a268-67ae5e32e1e3 to 54113e2d-e18f-40e4-a981-0f929fcc72da
[2024-07-29T19:55:12.122Z] [INFO] Reorder cards from list 54113e2d-e18f-40e4-a981-0f929fcc72da index 0 to list ae4622fe-a9b1-4251-9d9b-112fc49ecf02 index 1
[2024-07-29T19:55:12.122Z] [INFO] Cards reordered from 54113e2d-e18f-40e4-a981-0f929fcc72da to ae4622fe-a9b1-4251-9d9b-112fc49ecf02
[2024-07-29T19:55:12.830Z] [INFO] Card deleted: a4379eac-815d-4411-94bc-259f5f4fe7e4
[2024-07-29T19:55:13.552Z] [INFO] Card deleted: cd63b809-cd91-426a-a2a6-26f941f87326
[2024-07-29T19:55:15.209Z] [INFO] List deleted: 8e1ef7a9-1ad5-4445-a268-67ae5e32e1e3
[2024-07-29T19:55:25.595Z] [INFO] Card created: 1c5f66b4-27f9-4c28-a04e-6be09afd82d2
[2024-07-29T19:55:27.380Z] [INFO] Card description changed: 1c5f66b4-27f9-4c28-a04e-6be09afd82d2
[2024-07-29T19:55:27.585Z] [INFO] Card description changed: 1c5f66b4-27f9-4c28-a04e-6be09afd82d2
[2024-07-29T19:55:27.807Z] [INFO] Card description changed: 1c5f66b4-27f9-4c28-a04e-6be09afd82d2
[2024-07-29T19:55:28.138Z] [INFO] Card description changed: 1c5f66b4-27f9-4c28-a04e-6be09afd82d2
[2024-07-29T19:55:28.693Z] [INFO] Card description changed: 1c5f66b4-27f9-4c28-a04e-6be09afd82d2
[2024-07-29T19:55:28.859Z] [INFO] Card description changed: 1c5f66b4-27f9-4c28-a04e-6be09afd82d2
[2024-07-29T19:55:28.931Z] [INFO] Card description changed: 1c5f66b4-27f9-4c28-a04e-6be09afd82d2
[2024-07-29T19:55:29.109Z] [INFO] Card description changed: 1c5f66b4-27f9-4c28-a04e-6be09afd82d2
[2024-07-29T19:55:29.219Z] [INFO] Card description changed: 1c5f66b4-27f9-4c28-a04e-6be09afd82d2
[2024-07-29T19:55:29.355Z] [INFO] Card description changed: 1c5f66b4-27f9-4c28-a04e-6be09afd82d2
[2024-07-29T19:55:29.495Z] [INFO] Card description changed: 1c5f66b4-27f9-4c28-a04e-6be09afd82d2
[2024-07-29T19:55:29.668Z] [INFO] Card description changed: 1c5f66b4-27f9-4c28-a04e-6be09afd82d2
[2024-07-29T19:55:29.733Z] [INFO] Card description changed: 1c5f66b4-27f9-4c28-a04e-6be09afd82d2
[2024-07-29T19:55:29.831Z] [INFO] Card description changed: 1c5f66b4-27f9-4c28-a04e-6be09afd82d2
[2024-07-29T19:55:29.909Z] [INFO] Card description changed: 1c5f66b4-27f9-4c28-a04e-6be09afd82d2
[2024-07-29T19:55:32.119Z] [INFO] Card duplicated: 9c1f220c-fa39-444d-98c3-16c58ca754c0
[2024-07-29T19:55:36.637Z] [INFO] Card description changed: 9c1f220c-fa39-444d-98c3-16c58ca754c0
[2024-07-29T19:55:36.826Z] [INFO] Card description changed: 9c1f220c-fa39-444d-98c3-16c58ca754c0
[2024-07-29T19:55:37.367Z] [INFO] Card description changed: 9c1f220c-fa39-444d-98c3-16c58ca754c0
[2024-07-29T19:55:37.502Z] [INFO] Card description changed: 9c1f220c-fa39-444d-98c3-16c58ca754c0
[2024-07-29T19:55:37.609Z] [INFO] Card description changed: 9c1f220c-fa39-444d-98c3-16c58ca754c0
[2024-07-29T19:55:37.673Z] [INFO] Card description changed: 9c1f220c-fa39-444d-98c3-16c58ca754c0
[2024-07-29T19:55:37.748Z] [INFO] Card description changed: 9c1f220c-fa39-444d-98c3-16c58ca754c0
[2024-07-29T19:55:40.402Z] [INFO] Reorder cards from list 54113e2d-e18f-40e4-a981-0f929fcc72da index 1 to list ae4622fe-a9b1-4251-9d9b-112fc49ecf02 index 1
[2024-07-29T19:55:40.403Z] [INFO] Cards reordered from 54113e2d-e18f-40e4-a981-0f929fcc72da to ae4622fe-a9b1-4251-9d9b-112fc49ecf02
[2024-07-29T19:55:42.286Z] [INFO] Reorder cards from list ae4622fe-a9b1-4251-9d9b-112fc49ecf02 index 1 to list 54113e2d-e18f-40e4-a981-0f929fcc72da index 1
[2024-07-29T19:55:42.287Z] [INFO] Cards reordered from ae4622fe-a9b1-4251-9d9b-112fc49ecf02 to 54113e2d-e18f-40e4-a981-0f929fcc72da
[2024-07-29T19:55:42.720Z] [INFO] Card deleted: 9c1f220c-fa39-444d-98c3-16c58ca754c0
[2024-07-29T20:04:19.663Z] [INFO] Card created: d1019244-e938-4360-839c-c763b8aa4bc0
[2024-07-29T20:04:22.982Z] [INFO] List created: Haa
[2024-07-29T20:04:30.860Z] [INFO] Card created: 4f4f149a-b3ae-4df6-9174-719115046566
[2024-07-29T20:04:54.460Z] [INFO] Card created: d4f0156d-0855-498a-8df8-3a6eeffa6917
[2024-07-30T08:13:02.370Z] [INFO] Reorder cards from list 3d83f73f-0cc2-456f-a7d9-228905d7d9c6 index 0 to list 5c2dc1ae-ac34-4bcc-9571-c5911fdc8ece index 1
[2024-07-30T08:13:02.371Z] [INFO] Cards reordered from 3d83f73f-0cc2-456f-a7d9-228905d7d9c6 to 5c2dc1ae-ac34-4bcc-9571-c5911fdc8ece
[2024-07-30T08:13:03.903Z] [INFO] Reorder cards from list 3d83f73f-0cc2-456f-a7d9-228905d7d9c6 index 1 to list 5c2dc1ae-ac34-4bcc-9571-c5911fdc8ece index 1
[2024-07-30T08:13:03.904Z] [INFO] Cards reordered from 3d83f73f-0cc2-456f-a7d9-228905d7d9c6 to 5c2dc1ae-ac34-4bcc-9571-c5911fdc8ece
[2024-07-30T08:13:06.923Z] [INFO] List created: Added
[2024-07-30T08:13:09.528Z] [INFO] Card created: 85c73c1a-82c0-43cf-817a-1c9c1da3d105
[2024-07-30T08:13:11.337Z] [INFO] Card description changed: 85c73c1a-82c0-43cf-817a-1c9c1da3d105
[2024-07-30T08:13:11.522Z] [INFO] Card description changed: 85c73c1a-82c0-43cf-817a-1c9c1da3d105
[2024-07-30T08:13:11.753Z] [INFO] Card description changed: 85c73c1a-82c0-43cf-817a-1c9c1da3d105
[2024-07-30T08:13:12.004Z] [INFO] Card description changed: 85c73c1a-82c0-43cf-817a-1c9c1da3d105
[2024-07-30T08:13:12.574Z] [INFO] Card description changed: 85c73c1a-82c0-43cf-817a-1c9c1da3d105
[2024-07-30T08:13:12.924Z] [INFO] Card description changed: 85c73c1a-82c0-43cf-817a-1c9c1da3d105
[2024-07-30T08:13:13.140Z] [INFO] Card description changed: 85c73c1a-82c0-43cf-817a-1c9c1da3d105
[2024-07-30T08:13:13.339Z] [INFO] Card description changed: 85c73c1a-82c0-43cf-817a-1c9c1da3d105
[2024-07-30T08:13:13.518Z] [INFO] Card description changed: 85c73c1a-82c0-43cf-817a-1c9c1da3d105
[2024-07-30T08:13:13.557Z] [INFO] Card description changed: 85c73c1a-82c0-43cf-817a-1c9c1da3d105
[2024-07-30T08:13:13.997Z] [INFO] Card description changed: 85c73c1a-82c0-43cf-817a-1c9c1da3d105
[2024-07-30T08:13:14.213Z] [INFO] Card description changed: 85c73c1a-82c0-43cf-817a-1c9c1da3d105
[2024-07-30T08:13:14.494Z] [INFO] Card description changed: 85c73c1a-82c0-43cf-817a-1c9c1da3d105
[2024-07-30T08:13:14.771Z] [INFO] Card description changed: 85c73c1a-82c0-43cf-817a-1c9c1da3d105
[2024-07-30T08:13:15.101Z] [INFO] Card description changed: 85c73c1a-82c0-43cf-817a-1c9c1da3d105
[2024-07-30T08:13:15.284Z] [INFO] Card description changed: 85c73c1a-82c0-43cf-817a-1c9c1da3d105
[2024-07-30T08:13:15.507Z] [INFO] Card description changed: 85c73c1a-82c0-43cf-817a-1c9c1da3d105
[2024-07-30T08:13:15.750Z] [INFO] Card description changed: 85c73c1a-82c0-43cf-817a-1c9c1da3d105
[2024-07-30T08:13:16.053Z] [INFO] Card description changed: 85c73c1a-82c0-43cf-817a-1c9c1da3d105
[2024-07-30T08:13:16.161Z] [INFO] Card description changed: 85c73c1a-82c0-43cf-817a-1c9c1da3d105
[2024-07-30T08:13:16.356Z] [INFO] Card description changed: 85c73c1a-82c0-43cf-817a-1c9c1da3d105
[2024-07-30T08:13:16.523Z] [INFO] Card description changed: 85c73c1a-82c0-43cf-817a-1c9c1da3d105
[2024-07-30T08:13:18.530Z] [INFO] Reorder cards from list 88800131-9909-48d3-a805-b300bfb721f2 index 0 to list 5c2dc1ae-ac34-4bcc-9571-c5911fdc8ece index 0
[2024-07-30T08:13:18.532Z] [INFO] Cards reordered from 88800131-9909-48d3-a805-b300bfb721f2 to 5c2dc1ae-ac34-4bcc-9571-c5911fdc8ece
[2024-07-30T08:13:20.947Z] [INFO] Reorder cards from list 5c2dc1ae-ac34-4bcc-9571-c5911fdc8ece index 0 to list 88800131-9909-48d3-a805-b300bfb721f2 index 0
[2024-07-30T08:13:20.948Z] [INFO] Cards reordered from 5c2dc1ae-ac34-4bcc-9571-c5911fdc8ece to 88800131-9909-48d3-a805-b300bfb721f2
[2024-07-30T08:13:22.064Z] [INFO] Card duplicated: 6ffb12a7-69dc-4f1c-ac13-ebb02601e558
[2024-07-30T08:13:22.961Z] [INFO] Card duplicated: ed0a91f0-4921-4fcf-aa8f-89b44af1ee28
[2024-07-30T08:13:28.330Z] [INFO] Card renamed: ed0a91f0-4921-4fcf-aa8f-89b44af1ee28 to R
[2024-07-30T08:13:28.577Z] [INFO] Card renamed: ed0a91f0-4921-4fcf-aa8f-89b44af1ee28 to Re
[2024-07-30T08:13:29.124Z] [INFO] Card renamed: ed0a91f0-4921-4fcf-aa8f-89b44af1ee28 to Ren
[2024-07-30T08:13:29.203Z] [INFO] Card renamed: ed0a91f0-4921-4fcf-aa8f-89b44af1ee28 to Rena
[2024-07-30T08:13:29.281Z] [INFO] Card renamed: ed0a91f0-4921-4fcf-aa8f-89b44af1ee28 to Renam
[2024-07-30T08:13:29.336Z] [INFO] Card renamed: ed0a91f0-4921-4fcf-aa8f-89b44af1ee28 to Rename
[2024-07-30T08:13:29.532Z] [INFO] Card renamed: ed0a91f0-4921-4fcf-aa8f-89b44af1ee28 to Renamed
[2024-07-30T08:13:34.566Z] [INFO] Reorder cards from list 88800131-9909-48d3-a805-b300bfb721f2 index 2 to list 5c2dc1ae-ac34-4bcc-9571-c5911fdc8ece index 2
[2024-07-30T08:13:34.567Z] [INFO] Cards reordered from 88800131-9909-48d3-a805-b300bfb721f2 to 5c2dc1ae-ac34-4bcc-9571-c5911fdc8ece
[2024-07-30T08:13:36.063Z] [INFO] Reorder cards from list 5c2dc1ae-ac34-4bcc-9571-c5911fdc8ece index 2 to list 88800131-9909-48d3-a805-b300bfb721f2 index 2
[2024-07-30T08:13:36.064Z] [INFO] Cards reordered from 5c2dc1ae-ac34-4bcc-9571-c5911fdc8ece to 88800131-9909-48d3-a805-b300bfb721f2
[2024-07-30T08:13:41.383Z] [INFO] Card description changed: ed0a91f0-4921-4fcf-aa8f-89b44af1ee28
[2024-07-30T08:13:41.752Z] [INFO] Card description changed: ed0a91f0-4921-4fcf-aa8f-89b44af1ee28
[2024-07-30T08:13:41.918Z] [INFO] Card description changed: ed0a91f0-4921-4fcf-aa8f-89b44af1ee28
[2024-07-30T08:13:44.397Z] [INFO] Reorder cards from list 88800131-9909-48d3-a805-b300bfb721f2 index 2 to list 5c2dc1ae-ac34-4bcc-9571-c5911fdc8ece index 2
[2024-07-30T08:13:44.398Z] [INFO] Cards reordered from 88800131-9909-48d3-a805-b300bfb721f2 to 5c2dc1ae-ac34-4bcc-9571-c5911fdc8ece
[2024-07-30T08:13:45.781Z] [INFO] Reorder cards from list 5c2dc1ae-ac34-4bcc-9571-c5911fdc8ece index 2 to list 3d83f73f-0cc2-456f-a7d9-228905d7d9c6 index 2
[2024-07-30T08:13:45.782Z] [INFO] Cards reordered from 5c2dc1ae-ac34-4bcc-9571-c5911fdc8ece to 3d83f73f-0cc2-456f-a7d9-228905d7d9c6
[2024-07-30T08:13:47.780Z] [INFO] Reorder cards from list 3d83f73f-0cc2-456f-a7d9-228905d7d9c6 index 2 to list 5c2dc1ae-ac34-4bcc-9571-c5911fdc8ece index 2
[2024-07-30T08:13:47.781Z] [INFO] Cards reordered from 3d83f73f-0cc2-456f-a7d9-228905d7d9c6 to 5c2dc1ae-ac34-4bcc-9571-c5911fdc8ece
[2024-07-30T08:13:48.514Z] [INFO] Card duplicated: c354a24f-c1f6-4fba-9124-233cd747d820
[2024-07-30T08:13:50.614Z] [INFO] Card deleted: c354a24f-c1f6-4fba-9124-233cd747d820
[2024-07-30T08:13:51.502Z] [INFO] Card deleted: ed0a91f0-4921-4fcf-aa8f-89b44af1ee28
[2024-07-30T08:13:58.937Z] [INFO] List renamed: 88800131-9909-48d3-a805-b300bfb721f2 to Added!
[2024-07-30T08:13:59.091Z] [INFO] List renamed: 88800131-9909-48d3-a805-b300bfb721f2 to Added!!
[2024-07-30T08:14:01.364Z] [INFO] Lists reordered from 2 to 1
[2024-07-30T08:14:02.413Z] [INFO] Lists reordered from 1 to 0
[2024-07-30T08:14:03.379Z] [INFO] Lists reordered from 0 to 1
[2024-07-30T08:14:04.347Z] [INFO] Lists reordered from 1 to 2
[2024-07-30T08:14:04.987Z] [INFO] List deleted: 88800131-9909-48d3-a805-b300bfb721f2
[2024-07-30T08:27:02.131Z] [INFO] Reorder cards from list a8639c0f-4a80-4f59-a007-cb25ac123f95 index 0 to list 87fae913-6f86-421a-8fae-d1f27c97a025 index 0
[2024-07-30T08:27:02.133Z] [INFO] Cards reordered from a8639c0f-4a80-4f59-a007-cb25ac123f95 to 87fae913-6f86-421a-8fae-d1f27c97a025
[2024-07-30T08:27:03.813Z] [INFO] Reorder cards from list 87fae913-6f86-421a-8fae-d1f27c97a025 index 0 to list a8639c0f-4a80-4f59-a007-cb25ac123f95 index 0
[2024-07-30T08:27:03.814Z] [INFO] Cards reordered from 87fae913-6f86-421a-8fae-d1f27c97a025 to a8639c0f-4a80-4f59-a007-cb25ac123f95
[2024-07-30T08:27:05.517Z] [INFO] Card duplicated: da226d31-f83f-4647-8a45-02d833b00f41
[2024-07-30T08:27:07.473Z] [INFO] Card duplicated: 514a43cd-0ae0-4e1e-970c-77c43cc7aaf6
[2024-07-30T08:29:18.774Z] [INFO] Reorder cards from list a8639c0f-4a80-4f59-a007-cb25ac123f95 index 0 to list 87fae913-6f86-421a-8fae-d1f27c97a025 index 0
[2024-07-30T08:29:18.776Z] [INFO] Cards reordered from a8639c0f-4a80-4f59-a007-cb25ac123f95 to 87fae913-6f86-421a-8fae-d1f27c97a025
[2024-07-30T08:29:20.008Z] [INFO] Reorder cards from list 87fae913-6f86-421a-8fae-d1f27c97a025 index 0 to list a8639c0f-4a80-4f59-a007-cb25ac123f95 index 0
[2024-07-30T08:29:20.010Z] [INFO] Cards reordered from 87fae913-6f86-421a-8fae-d1f27c97a025 to a8639c0f-4a80-4f59-a007-cb25ac123f95
[2024-07-30T08:29:21.241Z] [INFO] Reorder cards from list a8639c0f-4a80-4f59-a007-cb25ac123f95 index 1 to list 87fae913-6f86-421a-8fae-d1f27c97a025 index 1
[2024-07-30T08:29:21.242Z] [INFO] Cards reordered from a8639c0f-4a80-4f59-a007-cb25ac123f95 to 87fae913-6f86-421a-8fae-d1f27c97a025
[2024-07-30T08:29:22.541Z] [INFO] Reorder cards from list a8639c0f-4a80-4f59-a007-cb25ac123f95 index 1 to list 87fae913-6f86-421a-8fae-d1f27c97a025 index 1
[2024-07-30T08:29:22.542Z] [INFO] Cards reordered from a8639c0f-4a80-4f59-a007-cb25ac123f95 to 87fae913-6f86-421a-8fae-d1f27c97a025
[2024-07-30T08:29:23.442Z] [INFO] Reorder cards from list 87fae913-6f86-421a-8fae-d1f27c97a025 index 1 to list a8639c0f-4a80-4f59-a007-cb25ac123f95 index 1
[2024-07-30T08:29:23.443Z] [INFO] Cards reordered from 87fae913-6f86-421a-8fae-d1f27c97a025 to a8639c0f-4a80-4f59-a007-cb25ac123f95
[2024-07-30T08:29:24.375Z] [INFO] Reorder cards from list 87fae913-6f86-421a-8fae-d1f27c97a025 index 1 to list a8639c0f-4a80-4f59-a007-cb25ac123f95 index 1
[2024-07-30T08:29:24.377Z] [INFO] Cards reordered from 87fae913-6f86-421a-8fae-d1f27c97a025 to a8639c0f-4a80-4f59-a007-cb25ac123f95
[2024-07-30T08:29:26.875Z] [INFO] Lists reordered from 1 to 0
[2024-07-30T08:29:27.976Z] [INFO] Lists reordered from 0 to 1
[2024-07-30T08:29:34.841Z] [INFO] Lists reordered from 0 to 1
[2024-07-30T08:29:35.709Z] [INFO] Lists reordered from 1 to 0
[2024-07-30T08:29:44.208Z] [INFO] Reorder cards from list a8639c0f-4a80-4f59-a007-cb25ac123f95 index 0 to list 87fae913-6f86-421a-8fae-d1f27c97a025 index 0
[2024-07-30T08:29:44.209Z] [INFO] Cards reordered from a8639c0f-4a80-4f59-a007-cb25ac123f95 to 87fae913-6f86-421a-8fae-d1f27c97a025
[2024-07-30T08:29:45.075Z] [INFO] Reorder cards from list 87fae913-6f86-421a-8fae-d1f27c97a025 index 0 to list a8639c0f-4a80-4f59-a007-cb25ac123f95 index 0
[2024-07-30T08:29:45.076Z] [INFO] Cards reordered from 87fae913-6f86-421a-8fae-d1f27c97a025 to a8639c0f-4a80-4f59-a007-cb25ac123f95
[2024-07-30T08:29:48.258Z] [INFO] Reorder cards from list a8639c0f-4a80-4f59-a007-cb25ac123f95 index 0 to list 87fae913-6f86-421a-8fae-d1f27c97a025 index 0
[2024-07-30T08:29:48.260Z] [INFO] Cards reordered from a8639c0f-4a80-4f59-a007-cb25ac123f95 to 87fae913-6f86-421a-8fae-d1f27c97a025
[2024-07-30T08:29:49.008Z] [INFO] Reorder cards from list 87fae913-6f86-421a-8fae-d1f27c97a025 index 0 to list a8639c0f-4a80-4f59-a007-cb25ac123f95 index 0
[2024-07-30T08:29:49.010Z] [INFO] Cards reordered from 87fae913-6f86-421a-8fae-d1f27c97a025 to a8639c0f-4a80-4f59-a007-cb25ac123f95
[2024-07-30T08:29:49.875Z] [INFO] Reorder cards from list a8639c0f-4a80-4f59-a007-cb25ac123f95 index 1 to list 87fae913-6f86-421a-8fae-d1f27c97a025 index 1
[2024-07-30T08:29:49.876Z] [INFO] Cards reordered from a8639c0f-4a80-4f59-a007-cb25ac123f95 to 87fae913-6f86-421a-8fae-d1f27c97a025
[2024-07-30T08:29:50.625Z] [INFO] Reorder cards from list 87fae913-6f86-421a-8fae-d1f27c97a025 index 1 to list a8639c0f-4a80-4f59-a007-cb25ac123f95 index 1
[2024-07-30T08:29:50.626Z] [INFO] Cards reordered from 87fae913-6f86-421a-8fae-d1f27c97a025 to a8639c0f-4a80-4f59-a007-cb25ac123f95
[2024-07-30T08:37:15.717Z] [INFO] Reorder cards from list a8639c0f-4a80-4f59-a007-cb25ac123f95 index 2 to list 87fae913-6f86-421a-8fae-d1f27c97a025 index 2
[2024-07-30T08:37:15.723Z] [INFO] Cards reordered from a8639c0f-4a80-4f59-a007-cb25ac123f95 to 87fae913-6f86-421a-8fae-d1f27c97a025
[2024-07-30T08:38:14.711Z] [INFO] Card duplicated: 7db4803b-f78b-4eec-98a6-bed2ce9ec556
[2024-07-30T08:38:23.538Z] [INFO] Card deleted: 7db4803b-f78b-4eec-98a6-bed2ce9ec556
[2024-07-30T08:38:31.821Z] [INFO] Card duplicated: 2d9aa322-72d0-430e-9127-c900b92f61ee
[2024-07-30T08:38:34.617Z] [INFO] Card duplicated: 7f3a1b78-fa50-439e-89a8-9d450cde22f7
[2024-07-30T08:38:46.856Z] [INFO] Card deleted: 7f3a1b78-fa50-439e-89a8-9d450cde22f7
[2024-07-30T08:38:50.172Z] [INFO] Card deleted: 2d9aa322-72d0-430e-9127-c900b92f61ee
[2024-07-30T08:55:28.484Z] [INFO] Reorder cards from list a8d5fd9d-17f2-4465-ae91-3e3bd77588c2 index 0 to list faf64e19-4c4f-47d1-9795-79180fac71bc index 0
[2024-07-30T08:55:28.487Z] [INFO] Cards reordered from a8d5fd9d-17f2-4465-ae91-3e3bd77588c2 to faf64e19-4c4f-47d1-9795-79180fac71bc
[2024-07-30T08:55:43.809Z] [INFO] Card duplicated: 4136f1c6-146d-40fd-b720-8f231a3ce9d7
[2024-07-30T08:55:46.388Z] [INFO] Card created: 548aa210-42df-457c-9c82-ad92fca9413d
[2024-07-30T08:55:48.755Z] [INFO] Lists reordered from 1 to 0
[2024-07-30T08:55:49.921Z] [INFO] Lists reordered from 0 to 1
[2024-07-30T08:55:51.119Z] [INFO] Card description changed: 548aa210-42df-457c-9c82-ad92fca9413d
[2024-07-30T08:55:51.182Z] [INFO] Card description changed: 548aa210-42df-457c-9c82-ad92fca9413d
[2024-07-30T08:55:51.268Z] [INFO] Card description changed: 548aa210-42df-457c-9c82-ad92fca9413d
[2024-07-30T08:55:51.396Z] [INFO] Card description changed: 548aa210-42df-457c-9c82-ad92fca9413d
[2024-07-30T08:55:54.624Z] [INFO] Card duplicated: 444ebea4-5ab4-4c20-a0e2-0b771dedd673
[2024-07-30T08:55:56.549Z] [INFO] Card deleted: 444ebea4-5ab4-4c20-a0e2-0b771dedd673
[2024-07-30T08:58:13.064Z] [INFO] List deleted: a8d5fd9d-17f2-4465-ae91-3e3bd77588c2
[2024-07-30T08:58:17.061Z] [INFO] List created: as
[2024-07-30T08:58:18.221Z] [INFO] Lists reordered from 1 to 0
[2024-07-30T08:58:19.154Z] [INFO] Lists reordered from 0 to 1
[2024-07-30T08:59:07.571Z] [INFO] Reorder cards from list f848e134-ee7a-406e-b97f-cabd8ff5da0e index 0 to list 2db231c1-0da9-44c5-bf3f-623ca31a1308 index 0
[2024-07-30T08:59:07.573Z] [INFO] Cards reordered from f848e134-ee7a-406e-b97f-cabd8ff5da0e to 2db231c1-0da9-44c5-bf3f-623ca31a1308
[2024-07-30T08:59:09.603Z] [INFO] Reorder cards from list 2db231c1-0da9-44c5-bf3f-623ca31a1308 index 0 to list f848e134-ee7a-406e-b97f-cabd8ff5da0e index 0
[2024-07-30T08:59:09.604Z] [INFO] Cards reordered from 2db231c1-0da9-44c5-bf3f-623ca31a1308 to f848e134-ee7a-406e-b97f-cabd8ff5da0e
[2024-07-30T08:59:11.087Z] [INFO] Reorder cards from list 2db231c1-0da9-44c5-bf3f-623ca31a1308 index 1 to list f848e134-ee7a-406e-b97f-cabd8ff5da0e index 1
[2024-07-30T08:59:11.088Z] [INFO] Cards reordered from 2db231c1-0da9-44c5-bf3f-623ca31a1308 to f848e134-ee7a-406e-b97f-cabd8ff5da0e
[2024-07-30T08:59:12.169Z] [INFO] Card duplicated: c307ddf2-7f9e-4b12-82b2-f2421c58863c
[2024-07-30T08:59:13.132Z] [INFO] Card duplicated: a04fac9a-da4a-4b1c-9728-3e48f6844e36
[2024-07-30T08:59:14.349Z] [INFO] Card deleted: a04fac9a-da4a-4b1c-9728-3e48f6844e36
[2024-07-30T08:59:18.057Z] [INFO] Card description changed: c307ddf2-7f9e-4b12-82b2-f2421c58863c
[2024-07-30T08:59:18.147Z] [INFO] Card description changed: c307ddf2-7f9e-4b12-82b2-f2421c58863c
[2024-07-30T08:59:18.243Z] [INFO] Card description changed: c307ddf2-7f9e-4b12-82b2-f2421c58863c
[2024-07-30T08:59:18.478Z] [INFO] Card description changed: c307ddf2-7f9e-4b12-82b2-f2421c58863c
[2024-07-30T08:59:18.603Z] [INFO] Card description changed: c307ddf2-7f9e-4b12-82b2-f2421c58863c
[2024-07-30T08:59:18.705Z] [INFO] Card description changed: c307ddf2-7f9e-4b12-82b2-f2421c58863c
[2024-07-30T08:59:21.715Z] [INFO] Reorder cards from list f848e134-ee7a-406e-b97f-cabd8ff5da0e index 2 to list f848e134-ee7a-406e-b97f-cabd8ff5da0e index 1
[2024-07-30T08:59:21.716Z] [INFO] Cards reordered from f848e134-ee7a-406e-b97f-cabd8ff5da0e to f848e134-ee7a-406e-b97f-cabd8ff5da0e
[2024-07-30T08:59:22.865Z] [INFO] Reorder cards from list f848e134-ee7a-406e-b97f-cabd8ff5da0e index 1 to list f848e134-ee7a-406e-b97f-cabd8ff5da0e index 0
[2024-07-30T08:59:22.866Z] [INFO] Cards reordered from f848e134-ee7a-406e-b97f-cabd8ff5da0e to f848e134-ee7a-406e-b97f-cabd8ff5da0e
[2024-07-30T08:59:23.749Z] [INFO] Reorder cards from list f848e134-ee7a-406e-b97f-cabd8ff5da0e index 0 to list 2db231c1-0da9-44c5-bf3f-623ca31a1308 index 0
[2024-07-30T08:59:23.750Z] [INFO] Cards reordered from f848e134-ee7a-406e-b97f-cabd8ff5da0e to 2db231c1-0da9-44c5-bf3f-623ca31a1308
[2024-07-30T08:59:24.782Z] [INFO] Reorder cards from list 2db231c1-0da9-44c5-bf3f-623ca31a1308 index 0 to list f848e134-ee7a-406e-b97f-cabd8ff5da0e index 0
[2024-07-30T08:59:24.782Z] [INFO] Cards reordered from 2db231c1-0da9-44c5-bf3f-623ca31a1308 to f848e134-ee7a-406e-b97f-cabd8ff5da0e
[2024-07-30T08:59:26.849Z] [INFO] Lists reordered from 1 to 0
[2024-07-30T08:59:27.949Z] [INFO] Lists reordered from 0 to 1
[2024-07-30T08:59:29.806Z] [INFO] List created: sasadf
[2024-07-30T08:59:35.410Z] [INFO] Card created: a09a355f-0657-4917-8329-3d7019ac2d70
[2024-07-30T08:59:36.510Z] [INFO] Card description changed: a09a355f-0657-4917-8329-3d7019ac2d70
[2024-07-30T08:59:36.618Z] [INFO] Card description changed: a09a355f-0657-4917-8329-3d7019ac2d70
[2024-07-30T08:59:36.745Z] [INFO] Card description changed: a09a355f-0657-4917-8329-3d7019ac2d70
[2024-07-30T08:59:36.980Z] [INFO] Card description changed: a09a355f-0657-4917-8329-3d7019ac2d70
[2024-07-30T08:59:38.215Z] [INFO] Card description changed: a09a355f-0657-4917-8329-3d7019ac2d70
[2024-07-30T08:59:38.342Z] [INFO] Card description changed: a09a355f-0657-4917-8329-3d7019ac2d70
[2024-07-30T08:59:38.580Z] [INFO] Card description changed: a09a355f-0657-4917-8329-3d7019ac2d70
[2024-07-30T08:59:39.014Z] [INFO] Card description changed: a09a355f-0657-4917-8329-3d7019ac2d70
[2024-07-30T08:59:39.177Z] [INFO] Card description changed: a09a355f-0657-4917-8329-3d7019ac2d70
[2024-07-30T08:59:39.244Z] [INFO] Card description changed: a09a355f-0657-4917-8329-3d7019ac2d70
[2024-07-30T08:59:42.591Z] [INFO] Card duplicated: 4c00be1d-a5e0-4d36-82e4-1b533abb866c
[2024-07-30T08:59:43.303Z] [INFO] Card duplicated: 032e867d-f1e2-4142-8981-dd5b40665def
[2024-07-30T08:59:44.465Z] [INFO] Card deleted: 032e867d-f1e2-4142-8981-dd5b40665def
[2024-07-30T08:59:45.105Z] [INFO] Card deleted: 4c00be1d-a5e0-4d36-82e4-1b533abb866c
[2024-07-30T08:59:46.264Z] [INFO] Reorder cards from list 42fe4f8c-0765-4586-a216-91a25085364d index 0 to list f848e134-ee7a-406e-b97f-cabd8ff5da0e index 0
[2024-07-30T08:59:46.265Z] [INFO] Cards reordered from 42fe4f8c-0765-4586-a216-91a25085364d to f848e134-ee7a-406e-b97f-cabd8ff5da0e
[2024-07-30T08:59:48.281Z] [INFO] Lists reordered from 2 to 1
[2024-07-30T08:59:49.122Z] [INFO] List renamed: 42fe4f8c-0765-4586-a216-91a25085364d to sasadf!
[2024-07-30T08:59:49.319Z] [INFO] List renamed: 42fe4f8c-0765-4586-a216-91a25085364d to sasadf!!
[2024-07-30T08:59:49.469Z] [INFO] List renamed: 42fe4f8c-0765-4586-a216-91a25085364d to sasadf!!!
[2024-07-30T08:59:52.353Z] [INFO] List renamed: 42fe4f8c-0765-4586-a216-91a25085364d to 
[2024-07-30T08:59:56.266Z] [INFO] List deleted: 42fe4f8c-0765-4586-a216-91a25085364d
[2024-07-30T09:12:10.443Z] [INFO] Card renamed: a09a355f-0657-4917-8329-3d7019ac2d70 to HOl
[2024-07-30T09:12:10.569Z] [INFO] Card renamed: a09a355f-0657-4917-8329-3d7019ac2d70 to HO
[2024-07-30T09:12:10.700Z] [INFO] Card renamed: a09a355f-0657-4917-8329-3d7019ac2d70 to H
[2024-07-30T09:12:10.834Z] [INFO] Card renamed: a09a355f-0657-4917-8329-3d7019ac2d70 to 
[2024-07-30T09:12:16.665Z] [INFO] Card deleted: a09a355f-0657-4917-8329-3d7019ac2d70
[2024-07-30T09:12:32.072Z] [INFO] Card renamed: 4c00be1d-a5e0-4d36-82e4-1b533abb866c to 
[2024-07-30T09:12:34.963Z] [INFO] List deleted: 42fe4f8c-0765-4586-a216-91a25085364d
[2024-07-30T09:25:19.436Z] [INFO] Reorder cards from list b0ea206d-92ae-4cab-b687-4d9997dd7a97 index 0 to list 41d84952-767e-4795-aea3-468f794146fe index 0
[2024-07-30T09:25:19.437Z] [INFO] Cards reordered from b0ea206d-92ae-4cab-b687-4d9997dd7a97 to 41d84952-767e-4795-aea3-468f794146fe
[2024-07-30T09:25:21.130Z] [INFO] Card duplicated: 5a91342f-e968-4fec-ab91-0b1898c72074
[2024-07-30T09:25:23.833Z] [INFO] Card deleted: 327d107d-a712-4016-969d-f22171c2726f
[2024-07-30T09:29:41.933Z] [INFO] Card created: 98106bb9-aa47-4b96-9579-ac29b9bfdab3
[2024-07-30T09:29:43.871Z] [INFO] Card renamed: 98106bb9-aa47-4b96-9579-ac29b9bfdab3 to a
[2024-07-30T09:29:44.252Z] [INFO] Card renamed: 98106bb9-aa47-4b96-9579-ac29b9bfdab3 to aç
[2024-07-30T09:29:44.618Z] [INFO] Card renamed: 98106bb9-aa47-4b96-9579-ac29b9bfdab3 to a
[2024-07-30T09:29:44.707Z] [INFO] Card renamed: 98106bb9-aa47-4b96-9579-ac29b9bfdab3 to 
[2024-07-30T09:29:44.848Z] [INFO] Card renamed: 98106bb9-aa47-4b96-9579-ac29b9bfdab3 to f
[2024-07-30T09:29:44.926Z] [INFO] Card renamed: 98106bb9-aa47-4b96-9579-ac29b9bfdab3 to fg
[2024-07-30T09:29:47.489Z] [INFO] Reorder cards from list 516b0e54-22a0-4f8a-8775-197b0aa13e73 index 1 to list 388c7d2a-99fd-4d78-bf9a-d7edbf192f0a index 1
[2024-07-30T09:29:47.490Z] [INFO] Cards reordered from 516b0e54-22a0-4f8a-8775-197b0aa13e73 to 388c7d2a-99fd-4d78-bf9a-d7edbf192f0a
[2024-07-30T09:29:48.654Z] [INFO] Reorder cards from list 388c7d2a-99fd-4d78-bf9a-d7edbf192f0a index 1 to list 516b0e54-22a0-4f8a-8775-197b0aa13e73 index 1
[2024-07-30T09:29:48.655Z] [INFO] Cards reordered from 388c7d2a-99fd-4d78-bf9a-d7edbf192f0a to 516b0e54-22a0-4f8a-8775-197b0aa13e73
[2024-07-30T09:29:49.814Z] [INFO] Card renamed: 98106bb9-aa47-4b96-9579-ac29b9bfdab3 to f
[2024-07-30T09:29:49.927Z] [INFO] Card renamed: 98106bb9-aa47-4b96-9579-ac29b9bfdab3 to 
[2024-07-30T09:29:50.532Z] [INFO] Card renamed: 98106bb9-aa47-4b96-9579-ac29b9bfdab3 to d
[2024-07-30T09:29:50.761Z] [INFO] Card renamed: 98106bb9-aa47-4b96-9579-ac29b9bfdab3 to dd
[2024-07-30T09:29:50.908Z] [INFO] Card renamed: 98106bb9-aa47-4b96-9579-ac29b9bfdab3 to dds
[2024-07-30T09:29:51.015Z] [INFO] Card renamed: 98106bb9-aa47-4b96-9579-ac29b9bfdab3 to ddsd
[2024-07-30T09:29:52.587Z] [INFO] Reorder cards from list 516b0e54-22a0-4f8a-8775-197b0aa13e73 index 1 to list 388c7d2a-99fd-4d78-bf9a-d7edbf192f0a index 1
[2024-07-30T09:29:52.588Z] [INFO] Cards reordered from 516b0e54-22a0-4f8a-8775-197b0aa13e73 to 388c7d2a-99fd-4d78-bf9a-d7edbf192f0a
[2024-07-30T09:29:53.937Z] [INFO] Reorder cards from list 388c7d2a-99fd-4d78-bf9a-d7edbf192f0a index 1 to list 516b0e54-22a0-4f8a-8775-197b0aa13e73 index 1
[2024-07-30T09:29:53.938Z] [INFO] Cards reordered from 388c7d2a-99fd-4d78-bf9a-d7edbf192f0a to 516b0e54-22a0-4f8a-8775-197b0aa13e73
[2024-07-30T09:35:59.174Z] [INFO] Reorder cards from list 516b0e54-22a0-4f8a-8775-197b0aa13e73 index 0 to list 388c7d2a-99fd-4d78-bf9a-d7edbf192f0a index 0
[2024-07-30T09:35:59.176Z] [INFO] Cards reordered from 516b0e54-22a0-4f8a-8775-197b0aa13e73 to 388c7d2a-99fd-4d78-bf9a-d7edbf192f0a
[2024-07-30T09:36:00.741Z] [INFO] Reorder cards from list 388c7d2a-99fd-4d78-bf9a-d7edbf192f0a index 0 to list 516b0e54-22a0-4f8a-8775-197b0aa13e73 index 0
[2024-07-30T09:36:00.742Z] [INFO] Cards reordered from 388c7d2a-99fd-4d78-bf9a-d7edbf192f0a to 516b0e54-22a0-4f8a-8775-197b0aa13e73
[2024-07-30T09:36:02.264Z] [INFO] Card renamed: 98106bb9-aa47-4b96-9579-ac29b9bfdab3 to dds
[2024-07-30T09:36:02.395Z] [INFO] Card renamed: 98106bb9-aa47-4b96-9579-ac29b9bfdab3 to dd
[2024-07-30T09:36:02.515Z] [INFO] Card renamed: 98106bb9-aa47-4b96-9579-ac29b9bfdab3 to d
[2024-07-30T09:36:02.650Z] [INFO] Card renamed: 98106bb9-aa47-4b96-9579-ac29b9bfdab3 to 
[2024-07-30T09:36:03.344Z] [INFO] Card renamed: 98106bb9-aa47-4b96-9579-ac29b9bfdab3 to o
[2024-07-30T09:36:03.718Z] [INFO] Card renamed: 98106bb9-aa47-4b96-9579-ac29b9bfdab3 to oH
[2024-07-30T09:36:03.987Z] [INFO] Card renamed: 98106bb9-aa47-4b96-9579-ac29b9bfdab3 to oHH
[2024-07-30T09:36:06.385Z] [INFO] Reorder cards from list 516b0e54-22a0-4f8a-8775-197b0aa13e73 index 1 to list 388c7d2a-99fd-4d78-bf9a-d7edbf192f0a index 1
[2024-07-30T09:36:06.386Z] [INFO] Cards reordered from 516b0e54-22a0-4f8a-8775-197b0aa13e73 to 388c7d2a-99fd-4d78-bf9a-d7edbf192f0a
[2024-07-30T09:36:07.602Z] [INFO] Reorder cards from list 388c7d2a-99fd-4d78-bf9a-d7edbf192f0a index 1 to list 516b0e54-22a0-4f8a-8775-197b0aa13e73 index 1
[2024-07-30T09:36:07.603Z] [INFO] Cards reordered from 388c7d2a-99fd-4d78-bf9a-d7edbf192f0a to 516b0e54-22a0-4f8a-8775-197b0aa13e73
[2024-07-30T09:36:08.356Z] [INFO] Card description changed: 98106bb9-aa47-4b96-9579-ac29b9bfdab3
[2024-07-30T09:36:08.520Z] [INFO] Card description changed: 98106bb9-aa47-4b96-9579-ac29b9bfdab3
[2024-07-30T09:36:08.703Z] [INFO] Card description changed: 98106bb9-aa47-4b96-9579-ac29b9bfdab3
[2024-07-30T09:36:08.900Z] [INFO] Card description changed: 98106bb9-aa47-4b96-9579-ac29b9bfdab3
[2024-07-30T09:36:09.111Z] [INFO] Card description changed: 98106bb9-aa47-4b96-9579-ac29b9bfdab3
[2024-07-30T09:36:09.407Z] [INFO] Card description changed: 98106bb9-aa47-4b96-9579-ac29b9bfdab3
[2024-07-30T09:36:09.735Z] [INFO] Card description changed: 98106bb9-aa47-4b96-9579-ac29b9bfdab3
[2024-07-30T09:36:09.896Z] [INFO] Card description changed: 98106bb9-aa47-4b96-9579-ac29b9bfdab3
[2024-07-30T09:36:09.978Z] [INFO] Card description changed: 98106bb9-aa47-4b96-9579-ac29b9bfdab3
[2024-07-30T09:36:10.050Z] [INFO] Card description changed: 98106bb9-aa47-4b96-9579-ac29b9bfdab3
[2024-07-30T09:36:10.219Z] [INFO] Card description changed: 98106bb9-aa47-4b96-9579-ac29b9bfdab3
[2024-07-30T09:36:12.168Z] [INFO] Reorder cards from list 516b0e54-22a0-4f8a-8775-197b0aa13e73 index 1 to list 388c7d2a-99fd-4d78-bf9a-d7edbf192f0a index 1
[2024-07-30T09:36:12.169Z] [INFO] Cards reordered from 516b0e54-22a0-4f8a-8775-197b0aa13e73 to 388c7d2a-99fd-4d78-bf9a-d7edbf192f0a
[2024-07-30T09:36:14.002Z] [INFO] Reorder cards from list 388c7d2a-99fd-4d78-bf9a-d7edbf192f0a index 1 to list 516b0e54-22a0-4f8a-8775-197b0aa13e73 index 1
[2024-07-30T09:36:14.003Z] [INFO] Cards reordered from 388c7d2a-99fd-4d78-bf9a-d7edbf192f0a to 516b0e54-22a0-4f8a-8775-197b0aa13e73
[2024-07-30T09:37:06.509Z] [INFO] Card description changed: 98106bb9-aa47-4b96-9579-ac29b9bfdab3
[2024-07-30T09:37:06.647Z] [INFO] Card description changed: 98106bb9-aa47-4b96-9579-ac29b9bfdab3
[2024-07-30T09:37:06.654Z] [INFO] Card description changed: 98106bb9-aa47-4b96-9579-ac29b9bfdab3
[2024-07-30T09:37:06.765Z] [INFO] Card description changed: 98106bb9-aa47-4b96-9579-ac29b9bfdab3
[2024-07-30T09:37:06.769Z] [INFO] Card description changed: 98106bb9-aa47-4b96-9579-ac29b9bfdab3
[2024-07-30T09:39:03.301Z] [INFO] Card description changed: 98106bb9-aa47-4b96-9579-ac29b9bfdab3
[2024-07-30T09:39:03.454Z] [INFO] Card description changed: 98106bb9-aa47-4b96-9579-ac29b9bfdab3
[2024-07-30T09:39:03.536Z] [INFO] Card description changed: 98106bb9-aa47-4b96-9579-ac29b9bfdab3
[2024-07-30T09:39:03.657Z] [INFO] Card description changed: 98106bb9-aa47-4b96-9579-ac29b9bfdab3
[2024-07-30T09:39:04.159Z] [INFO] Card description changed: 98106bb9-aa47-4b96-9579-ac29b9bfdab3
[2024-07-30T09:39:04.308Z] [INFO] Card description changed: 98106bb9-aa47-4b96-9579-ac29b9bfdab3
[2024-07-30T09:39:11.585Z] [INFO] Card description changed: 98106bb9-aa47-4b96-9579-ac29b9bfdab3
[2024-07-30T09:39:11.709Z] [INFO] Card description changed: 98106bb9-aa47-4b96-9579-ac29b9bfdab3
[2024-07-30T09:39:11.850Z] [INFO] Card description changed: 98106bb9-aa47-4b96-9579-ac29b9bfdab3
[2024-07-30T09:39:11.975Z] [INFO] Card description changed: 98106bb9-aa47-4b96-9579-ac29b9bfdab3
[2024-07-30T09:39:12.104Z] [INFO] Card description changed: 98106bb9-aa47-4b96-9579-ac29b9bfdab3
[2024-07-30T09:39:12.238Z] [INFO] Card description changed: 98106bb9-aa47-4b96-9579-ac29b9bfdab3
[2024-07-30T09:39:12.606Z] [INFO] Card description changed: 98106bb9-aa47-4b96-9579-ac29b9bfdab3
[2024-07-30T09:39:12.775Z] [INFO] Card description changed: 98106bb9-aa47-4b96-9579-ac29b9bfdab3
[2024-07-30T09:39:12.877Z] [INFO] Card description changed: 98106bb9-aa47-4b96-9579-ac29b9bfdab3
[2024-07-30T09:39:12.952Z] [INFO] Card description changed: 98106bb9-aa47-4b96-9579-ac29b9bfdab3
[2024-07-30T09:39:13.055Z] [INFO] Card description changed: 98106bb9-aa47-4b96-9579-ac29b9bfdab3
[2024-07-30T09:39:13.139Z] [INFO] Card description changed: 98106bb9-aa47-4b96-9579-ac29b9bfdab3
[2024-07-30T09:39:15.853Z] [INFO] Card duplicated: 22ffdb9b-a813-4b25-8b3b-a80291fbb246
[2024-07-30T09:39:16.985Z] [INFO] Card deleted: 22ffdb9b-a813-4b25-8b3b-a80291fbb246
[2024-07-30T09:40:02.719Z] [INFO] Card description changed: 98106bb9-aa47-4b96-9579-ac29b9bfdab3
[2024-07-30T09:40:02.883Z] [INFO] Card description changed: 98106bb9-aa47-4b96-9579-ac29b9bfdab3
[2024-07-30T09:40:03.008Z] [INFO] Card description changed: 98106bb9-aa47-4b96-9579-ac29b9bfdab3
[2024-07-30T09:40:03.126Z] [INFO] Card description changed: 98106bb9-aa47-4b96-9579-ac29b9bfdab3
[2024-07-30T09:40:03.208Z] [INFO] Card description changed: 98106bb9-aa47-4b96-9579-ac29b9bfdab3
[2024-07-30T09:40:03.330Z] [INFO] Card description changed: 98106bb9-aa47-4b96-9579-ac29b9bfdab3
[2024-07-30T09:40:03.407Z] [INFO] Card description changed: 98106bb9-aa47-4b96-9579-ac29b9bfdab3
[2024-07-30T09:40:03.537Z] [INFO] Card description changed: 98106bb9-aa47-4b96-9579-ac29b9bfdab3
[2024-07-30T09:40:03.638Z] [INFO] Card description changed: 98106bb9-aa47-4b96-9579-ac29b9bfdab3
[2024-07-30T09:40:03.739Z] [INFO] Card description changed: 98106bb9-aa47-4b96-9579-ac29b9bfdab3
[2024-07-30T09:40:04.783Z] [INFO] Card duplicated: bfc80fa3-27f3-4ed9-b240-b7bd61be7174
[2024-07-30T09:40:06.064Z] [INFO] Card deleted: 98106bb9-aa47-4b96-9579-ac29b9bfdab3
[2024-07-30T09:40:06.609Z] [INFO] Card deleted: bfc80fa3-27f3-4ed9-b240-b7bd61be7174
[2024-07-30T09:43:55.515Z] [INFO] Card created: 99866ad5-0239-410c-82ad-1761acb7195f
[2024-07-30T09:43:56.809Z] [INFO] Card description changed: 99866ad5-0239-410c-82ad-1761acb7195f
[2024-07-30T09:43:57.007Z] [INFO] Card description changed: 99866ad5-0239-410c-82ad-1761acb7195f
[2024-07-30T09:43:57.163Z] [INFO] Card description changed: 99866ad5-0239-410c-82ad-1761acb7195f
[2024-07-30T09:44:09.434Z] [INFO] Card duplicated: 223ad82a-6f49-45f6-9749-5fd89d9b5c4d
[2024-07-30T09:44:10.842Z] [INFO] Card deleted: 223ad82a-6f49-45f6-9749-5fd89d9b5c4d
[2024-07-30T09:47:06.859Z] [INFO] Card description changed: 99866ad5-0239-410c-82ad-1761acb7195f
[2024-07-30T09:47:06.998Z] [INFO] Card description changed: 99866ad5-0239-410c-82ad-1761acb7195f
[2024-07-30T09:47:07.278Z] [INFO] Card description changed: 99866ad5-0239-410c-82ad-1761acb7195f
[2024-07-30T09:47:07.505Z] [INFO] Card description changed: 99866ad5-0239-410c-82ad-1761acb7195f
[2024-07-30T09:47:07.912Z] [INFO] Card description changed: 99866ad5-0239-410c-82ad-1761acb7195f
[2024-07-30T09:47:08.076Z] [INFO] Card description changed: 99866ad5-0239-410c-82ad-1761acb7195f
[2024-07-30T09:47:08.397Z] [INFO] Card description changed: 99866ad5-0239-410c-82ad-1761acb7195f
[2024-07-30T09:47:09.096Z] [INFO] Card description changed: 99866ad5-0239-410c-82ad-1761acb7195f
[2024-07-30T09:47:09.308Z] [INFO] Card description changed: 99866ad5-0239-410c-82ad-1761acb7195f
[2024-07-30T09:47:09.474Z] [INFO] Card description changed: 99866ad5-0239-410c-82ad-1761acb7195f
[2024-07-30T09:47:09.964Z] [INFO] Card description changed: 99866ad5-0239-410c-82ad-1761acb7195f
[2024-07-30T09:47:10.100Z] [INFO] Card description changed: 99866ad5-0239-410c-82ad-1761acb7195f
[2024-07-30T09:48:33.670Z] [INFO] Card description changed: 99866ad5-0239-410c-82ad-1761acb7195f
[2024-07-30T09:48:34.991Z] [INFO] Card description changed: 99866ad5-0239-410c-82ad-1761acb7195f
[2024-07-30T09:48:36.741Z] [INFO] Card description changed: 99866ad5-0239-410c-82ad-1761acb7195f
[2024-07-30T09:48:37.236Z] [INFO] Card description changed: 99866ad5-0239-410c-82ad-1761acb7195f
[2024-07-30T09:48:37.600Z] [INFO] Card description changed: 99866ad5-0239-410c-82ad-1761acb7195f
[2024-07-30T09:48:38.417Z] [INFO] Card description changed: 99866ad5-0239-410c-82ad-1761acb7195f
[2024-07-30T09:48:38.775Z] [INFO] Card description changed: 99866ad5-0239-410c-82ad-1761acb7195f
[2024-07-30T09:49:00.405Z] [INFO] Card description changed: 99866ad5-0239-410c-82ad-1761acb7195f
[2024-07-30T09:49:00.905Z] [INFO] Card description changed: 99866ad5-0239-410c-82ad-1761acb7195f
[2024-07-30T09:49:00.940Z] [INFO] Card description changed: 99866ad5-0239-410c-82ad-1761acb7195f
[2024-07-30T09:49:00.975Z] [INFO] Card description changed: 99866ad5-0239-410c-82ad-1761acb7195f
[2024-07-30T09:49:00.997Z] [INFO] Card description changed: 99866ad5-0239-410c-82ad-1761acb7195f
[2024-07-30T09:49:01.021Z] [INFO] Card description changed: 99866ad5-0239-410c-82ad-1761acb7195f
[2024-07-30T09:49:01.051Z] [INFO] Card description changed: 99866ad5-0239-410c-82ad-1761acb7195f
[2024-07-30T09:49:02.927Z] [INFO] Card description changed: 99866ad5-0239-410c-82ad-1761acb7195f
[2024-07-30T09:49:03.181Z] [INFO] Card description changed: 99866ad5-0239-410c-82ad-1761acb7195f
[2024-07-30T09:49:03.383Z] [INFO] Card description changed: 99866ad5-0239-410c-82ad-1761acb7195f
[2024-07-30T09:49:03.544Z] [INFO] Card description changed: 99866ad5-0239-410c-82ad-1761acb7195f
[2024-07-30T09:49:09.355Z] [INFO] Reorder cards from list 516b0e54-22a0-4f8a-8775-197b0aa13e73 index 1 to list 388c7d2a-99fd-4d78-bf9a-d7edbf192f0a index 1
[2024-07-30T09:49:09.356Z] [INFO] Cards reordered from 516b0e54-22a0-4f8a-8775-197b0aa13e73 to 388c7d2a-99fd-4d78-bf9a-d7edbf192f0a
[2024-07-30T09:49:19.536Z] [INFO] Card description changed: 85e0c314-ee1c-48a6-8e60-cb5e86bbfcd8
[2024-07-30T09:49:21.778Z] [INFO] Card description changed: 85e0c314-ee1c-48a6-8e60-cb5e86bbfcd8
[2024-07-30T09:49:21.990Z] [INFO] Card description changed: 85e0c314-ee1c-48a6-8e60-cb5e86bbfcd8
[2024-07-30T09:49:22.153Z] [INFO] Card description changed: 85e0c314-ee1c-48a6-8e60-cb5e86bbfcd8
[2024-07-30T09:49:22.251Z] [INFO] Card description changed: 85e0c314-ee1c-48a6-8e60-cb5e86bbfcd8
[2024-07-30T09:49:25.871Z] [INFO] Reorder cards from list 516b0e54-22a0-4f8a-8775-197b0aa13e73 index 0 to list 388c7d2a-99fd-4d78-bf9a-d7edbf192f0a index 0
[2024-07-30T09:49:25.872Z] [INFO] Cards reordered from 516b0e54-22a0-4f8a-8775-197b0aa13e73 to 388c7d2a-99fd-4d78-bf9a-d7edbf192f0a
[2024-07-30T09:49:27.119Z] [INFO] Reorder cards from list 388c7d2a-99fd-4d78-bf9a-d7edbf192f0a index 0 to list 516b0e54-22a0-4f8a-8775-197b0aa13e73 index 0
[2024-07-30T09:49:27.120Z] [INFO] Cards reordered from 388c7d2a-99fd-4d78-bf9a-d7edbf192f0a to 516b0e54-22a0-4f8a-8775-197b0aa13e73
[2024-07-30T09:49:28.472Z] [INFO] Card deleted: 85e0c314-ee1c-48a6-8e60-cb5e86bbfcd8
[2024-07-30T09:49:30.203Z] [INFO] Card deleted: 99866ad5-0239-410c-82ad-1761acb7195f
[2024-07-30T10:10:05.069Z] [INFO] Card created: 6531e8a7-31ca-4f36-99a0-4dfab2cc5843
[2024-07-30T10:10:05.811Z] [INFO] Card description changed: 6531e8a7-31ca-4f36-99a0-4dfab2cc5843
[2024-07-30T10:10:05.988Z] [INFO] Card description changed: 6531e8a7-31ca-4f36-99a0-4dfab2cc5843
[2024-07-30T10:10:06.180Z] [INFO] Card description changed: 6531e8a7-31ca-4f36-99a0-4dfab2cc5843
[2024-07-30T10:10:08.563Z] [INFO] Card duplicated: c0277a68-5a37-4c32-819b-3cd5528eb451
[2024-07-30T10:10:26.247Z] [INFO] Card created: 332ca4b6-9695-4b0c-afb2-334e04e0da80
[2024-07-30T10:22:57.656Z] [INFO] Card created: b378e29e-dde0-4af8-978a-59a2855fdde2
[2024-07-30T10:23:35.718Z] [INFO] Card duplicated: 3aa5e078-f6a3-4c56-a8bb-e0224582d13d
[2024-07-30T10:27:44.415Z] [INFO] Card duplicated: c70f508d-ddc6-47a5-b02c-575f55ebf91e
[2024-07-30T10:27:48.497Z] [INFO] Card duplicated: 85cea70c-2428-4d87-b15d-e6b36815307f
[2024-07-30T10:27:49.337Z] [INFO] Card deleted: b378e29e-dde0-4af8-978a-59a2855fdde2
[2024-07-30T10:27:49.713Z] [INFO] Card deleted: 3aa5e078-f6a3-4c56-a8bb-e0224582d13d
[2024-07-30T10:27:49.916Z] [INFO] Card deleted: c70f508d-ddc6-47a5-b02c-575f55ebf91e
[2024-07-30T10:27:50.518Z] [INFO] Card deleted: 85cea70c-2428-4d87-b15d-e6b36815307f
[2024-07-30T10:27:52.672Z] [INFO] Card created: 361a5de7-f9ad-4458-86ff-e1d7e3ed0da4
[2024-07-30T10:27:53.715Z] [INFO] Card description changed: 361a5de7-f9ad-4458-86ff-e1d7e3ed0da4
[2024-07-30T10:27:53.718Z] [INFO] Card description changed: 361a5de7-f9ad-4458-86ff-e1d7e3ed0da4
[2024-07-30T10:27:53.762Z] [INFO] Card description changed: 361a5de7-f9ad-4458-86ff-e1d7e3ed0da4
[2024-07-30T10:27:53.796Z] [INFO] Card description changed: 361a5de7-f9ad-4458-86ff-e1d7e3ed0da4
[2024-07-30T10:27:53.838Z] [INFO] Card description changed: 361a5de7-f9ad-4458-86ff-e1d7e3ed0da4
[2024-07-30T10:27:53.885Z] [INFO] Card description changed: 361a5de7-f9ad-4458-86ff-e1d7e3ed0da4
[2024-07-30T10:27:55.820Z] [INFO] Reorder cards from list 6b36eea9-8a29-4774-b70e-9171e2847ec8 index 1 to list 4af47a73-d20a-4552-9e3e-a438aeb05571 index 1
[2024-07-30T10:27:55.822Z] [INFO] Cards reordered from 6b36eea9-8a29-4774-b70e-9171e2847ec8 to 4af47a73-d20a-4552-9e3e-a438aeb05571
[2024-07-30T10:27:57.201Z] [INFO] Reorder cards from list 4af47a73-d20a-4552-9e3e-a438aeb05571 index 1 to list 6b36eea9-8a29-4774-b70e-9171e2847ec8 index 1
[2024-07-30T10:27:57.202Z] [INFO] Cards reordered from 4af47a73-d20a-4552-9e3e-a438aeb05571 to 6b36eea9-8a29-4774-b70e-9171e2847ec8
[2024-07-30T10:28:09.292Z] [INFO] List created: Reorder!
[2024-07-30T10:28:11.134Z] [INFO] Reorder cards from list 6b36eea9-8a29-4774-b70e-9171e2847ec8 index 0 to list 8dc9c3a7-b9d0-4fc7-a753-706deff17526 index 0
[2024-07-30T10:28:11.135Z] [INFO] Cards reordered from 6b36eea9-8a29-4774-b70e-9171e2847ec8 to 8dc9c3a7-b9d0-4fc7-a753-706deff17526
[2024-07-30T10:28:14.163Z] [INFO] Card created: 8675b935-a13b-40f6-b8ec-b914354c2c68
[2024-07-30T10:28:15.376Z] [INFO] Card description changed: 8675b935-a13b-40f6-b8ec-b914354c2c68
[2024-07-30T10:28:15.538Z] [INFO] Card description changed: 8675b935-a13b-40f6-b8ec-b914354c2c68
[2024-07-30T10:28:15.702Z] [INFO] Card description changed: 8675b935-a13b-40f6-b8ec-b914354c2c68
[2024-07-30T10:28:15.906Z] [INFO] Card description changed: 8675b935-a13b-40f6-b8ec-b914354c2c68
[2024-07-30T10:28:16.070Z] [INFO] Card description changed: 8675b935-a13b-40f6-b8ec-b914354c2c68
[2024-07-30T10:28:16.284Z] [INFO] Card description changed: 8675b935-a13b-40f6-b8ec-b914354c2c68
[2024-07-30T10:28:16.431Z] [INFO] Card description changed: 8675b935-a13b-40f6-b8ec-b914354c2c68
[2024-07-30T10:28:16.598Z] [INFO] Card description changed: 8675b935-a13b-40f6-b8ec-b914354c2c68
[2024-07-30T10:28:16.742Z] [INFO] Card description changed: 8675b935-a13b-40f6-b8ec-b914354c2c68
[2024-07-30T10:28:16.807Z] [INFO] Card description changed: 8675b935-a13b-40f6-b8ec-b914354c2c68
[2024-07-30T10:28:16.956Z] [INFO] Card description changed: 8675b935-a13b-40f6-b8ec-b914354c2c68
[2024-07-30T10:28:19.852Z] [INFO] Reorder cards from list 8dc9c3a7-b9d0-4fc7-a753-706deff17526 index 1 to list 6b36eea9-8a29-4774-b70e-9171e2847ec8 index 1
[2024-07-30T10:28:19.853Z] [INFO] Cards reordered from 8dc9c3a7-b9d0-4fc7-a753-706deff17526 to 6b36eea9-8a29-4774-b70e-9171e2847ec8
[2024-07-30T10:28:21.384Z] [INFO] Reorder cards from list 8dc9c3a7-b9d0-4fc7-a753-706deff17526 index 0 to list 6b36eea9-8a29-4774-b70e-9171e2847ec8 index 0
[2024-07-30T10:28:21.385Z] [INFO] Cards reordered from 8dc9c3a7-b9d0-4fc7-a753-706deff17526 to 6b36eea9-8a29-4774-b70e-9171e2847ec8
[2024-07-30T10:28:22.368Z] [INFO] Reorder cards from list 6b36eea9-8a29-4774-b70e-9171e2847ec8 index 0 to list 8dc9c3a7-b9d0-4fc7-a753-706deff17526 index 0
[2024-07-30T10:28:22.369Z] [INFO] Cards reordered from 6b36eea9-8a29-4774-b70e-9171e2847ec8 to 8dc9c3a7-b9d0-4fc7-a753-706deff17526
[2024-07-30T10:28:23.468Z] [INFO] Reorder cards from list 6b36eea9-8a29-4774-b70e-9171e2847ec8 index 1 to list 8dc9c3a7-b9d0-4fc7-a753-706deff17526 index 1
[2024-07-30T10:28:23.469Z] [INFO] Cards reordered from 6b36eea9-8a29-4774-b70e-9171e2847ec8 to 8dc9c3a7-b9d0-4fc7-a753-706deff17526
[2024-07-30T10:28:26.968Z] [INFO] Reorder cards from list 8dc9c3a7-b9d0-4fc7-a753-706deff17526 index 0 to list 6b36eea9-8a29-4774-b70e-9171e2847ec8 index 0
[2024-07-30T10:28:26.969Z] [INFO] Cards reordered from 8dc9c3a7-b9d0-4fc7-a753-706deff17526 to 6b36eea9-8a29-4774-b70e-9171e2847ec8
[2024-07-30T10:28:28.035Z] [INFO] Reorder cards from list 8dc9c3a7-b9d0-4fc7-a753-706deff17526 index 0 to list 6b36eea9-8a29-4774-b70e-9171e2847ec8 index 1
[2024-07-30T10:28:28.036Z] [INFO] Cards reordered from 8dc9c3a7-b9d0-4fc7-a753-706deff17526 to 6b36eea9-8a29-4774-b70e-9171e2847ec8
[2024-07-30T10:28:30.368Z] [INFO] Reorder cards from list 6b36eea9-8a29-4774-b70e-9171e2847ec8 index 1 to list 8dc9c3a7-b9d0-4fc7-a753-706deff17526 index 0
[2024-07-30T10:28:30.369Z] [INFO] Cards reordered from 6b36eea9-8a29-4774-b70e-9171e2847ec8 to 8dc9c3a7-b9d0-4fc7-a753-706deff17526
[2024-07-30T10:28:32.817Z] [INFO] Reorder cards from list 6b36eea9-8a29-4774-b70e-9171e2847ec8 index 1 to list 8dc9c3a7-b9d0-4fc7-a753-706deff17526 index 1
[2024-07-30T10:28:32.818Z] [INFO] Cards reordered from 6b36eea9-8a29-4774-b70e-9171e2847ec8 to 8dc9c3a7-b9d0-4fc7-a753-706deff17526
[2024-07-30T10:28:41.185Z] [INFO] Reorder cards from list 6b36eea9-8a29-4774-b70e-9171e2847ec8 index 0 to list 8dc9c3a7-b9d0-4fc7-a753-706deff17526 index 0
[2024-07-30T10:28:41.185Z] [INFO] Cards reordered from 6b36eea9-8a29-4774-b70e-9171e2847ec8 to 8dc9c3a7-b9d0-4fc7-a753-706deff17526
[2024-07-30T10:28:42.201Z] [INFO] Reorder cards from list 8dc9c3a7-b9d0-4fc7-a753-706deff17526 index 0 to list 6b36eea9-8a29-4774-b70e-9171e2847ec8 index 0
[2024-07-30T10:28:42.202Z] [INFO] Cards reordered from 8dc9c3a7-b9d0-4fc7-a753-706deff17526 to 6b36eea9-8a29-4774-b70e-9171e2847ec8
[2024-07-30T10:28:43.385Z] [INFO] Reorder cards from list 8dc9c3a7-b9d0-4fc7-a753-706deff17526 index 1 to list 6b36eea9-8a29-4774-b70e-9171e2847ec8 index 1
[2024-07-30T10:28:43.386Z] [INFO] Cards reordered from 8dc9c3a7-b9d0-4fc7-a753-706deff17526 to 6b36eea9-8a29-4774-b70e-9171e2847ec8
[2024-07-30T10:28:45.167Z] [INFO] Reorder cards from list 6b36eea9-8a29-4774-b70e-9171e2847ec8 index 1 to list 8dc9c3a7-b9d0-4fc7-a753-706deff17526 index 1
[2024-07-30T10:28:45.168Z] [INFO] Cards reordered from 6b36eea9-8a29-4774-b70e-9171e2847ec8 to 8dc9c3a7-b9d0-4fc7-a753-706deff17526
[2024-07-30T10:32:03.744Z] [INFO] Card created: f7e6c531-285c-4896-9f07-7191411e033c
[2024-07-30T10:32:07.502Z] [INFO] Card created: 54abc2bb-aa4c-4b8d-a5f7-93cda99503a8
[2024-07-30T10:32:22.428Z] [INFO] Card created: d2b09fdd-a338-4f01-891d-600ac2359393
[2024-07-30T10:32:25.890Z] [INFO] Card created: b56c68bb-869a-463e-b03e-51685df363cc
[2024-07-30T10:32:30.922Z] [INFO] Card created: 0a411dae-e354-43ce-8e51-5807a4b3865a
[2024-07-30T10:32:32.063Z] [INFO] Card description changed: 0a411dae-e354-43ce-8e51-5807a4b3865a
[2024-07-30T10:32:32.427Z] [INFO] Card description changed: 0a411dae-e354-43ce-8e51-5807a4b3865a
[2024-07-30T10:32:32.539Z] [INFO] Card description changed: 0a411dae-e354-43ce-8e51-5807a4b3865a
[2024-07-30T10:32:32.634Z] [INFO] Card description changed: 0a411dae-e354-43ce-8e51-5807a4b3865a
[2024-07-30T10:32:32.726Z] [INFO] Card description changed: 0a411dae-e354-43ce-8e51-5807a4b3865a
[2024-07-30T10:32:32.839Z] [INFO] Card description changed: 0a411dae-e354-43ce-8e51-5807a4b3865a
[2024-07-30T10:32:33.186Z] [INFO] Card description changed: 0a411dae-e354-43ce-8e51-5807a4b3865a
[2024-07-30T10:32:33.388Z] [INFO] Card description changed: 0a411dae-e354-43ce-8e51-5807a4b3865a
[2024-07-30T10:32:33.594Z] [INFO] Card description changed: 0a411dae-e354-43ce-8e51-5807a4b3865a
[2024-07-30T10:32:33.673Z] [INFO] Card description changed: 0a411dae-e354-43ce-8e51-5807a4b3865a
[2024-07-30T10:32:33.814Z] [INFO] Card description changed: 0a411dae-e354-43ce-8e51-5807a4b3865a
[2024-07-30T10:32:34.012Z] [INFO] Card description changed: 0a411dae-e354-43ce-8e51-5807a4b3865a
[2024-07-30T10:32:34.874Z] [INFO] Card description changed: 0a411dae-e354-43ce-8e51-5807a4b3865a
[2024-07-30T10:32:35.092Z] [INFO] Card description changed: 0a411dae-e354-43ce-8e51-5807a4b3865a
[2024-07-30T10:32:35.227Z] [INFO] Card description changed: 0a411dae-e354-43ce-8e51-5807a4b3865a
[2024-07-30T10:32:35.348Z] [INFO] Card description changed: 0a411dae-e354-43ce-8e51-5807a4b3865a
[2024-07-30T10:32:39.008Z] [INFO] List created: Add
[2024-07-30T10:32:42.879Z] [INFO] Card created: 870db93c-9849-4789-90f1-21c754dfb60e
[2024-07-30T10:32:44.550Z] [INFO] Reorder cards from list c878db5f-3875-4708-8e25-6bfb81845f24 index 0 to list 4af47a73-d20a-4552-9e3e-a438aeb05571 index 1
[2024-07-30T10:32:44.550Z] [INFO] Cards reordered from c878db5f-3875-4708-8e25-6bfb81845f24 to 4af47a73-d20a-4552-9e3e-a438aeb05571
[2024-07-30T10:32:46.483Z] [INFO] Reorder cards from list 4af47a73-d20a-4552-9e3e-a438aeb05571 index 3 to list c878db5f-3875-4708-8e25-6bfb81845f24 index 0
[2024-07-30T10:32:46.484Z] [INFO] Cards reordered from 4af47a73-d20a-4552-9e3e-a438aeb05571 to c878db5f-3875-4708-8e25-6bfb81845f24
[2024-07-30T10:33:08.063Z] [INFO] List deleted: c878db5f-3875-4708-8e25-6bfb81845f24
[2024-07-30T10:33:42.559Z] [INFO] List created: Jhon
[2024-07-30T10:33:45.817Z] [INFO] Card created: 670a90dd-c527-4323-8c36-eee86f1b2dba
[2024-07-30T10:33:47.535Z] [INFO] Card description changed: 670a90dd-c527-4323-8c36-eee86f1b2dba
[2024-07-30T10:33:47.706Z] [INFO] Card description changed: 670a90dd-c527-4323-8c36-eee86f1b2dba
[2024-07-30T10:33:47.898Z] [INFO] Card description changed: 670a90dd-c527-4323-8c36-eee86f1b2dba
[2024-07-30T10:33:48.131Z] [INFO] Card description changed: 670a90dd-c527-4323-8c36-eee86f1b2dba
[2024-07-30T10:33:51.666Z] [INFO] List created: Si
[2024-07-30T10:33:58.063Z] [INFO] Card created: cb3b478c-71af-4bcb-9cfc-12e5ddc0fae3
[2024-07-30T10:33:59.124Z] [INFO] Card description changed: cb3b478c-71af-4bcb-9cfc-12e5ddc0fae3
[2024-07-30T10:33:59.306Z] [INFO] Card description changed: cb3b478c-71af-4bcb-9cfc-12e5ddc0fae3
[2024-07-30T10:33:59.469Z] [INFO] Card description changed: cb3b478c-71af-4bcb-9cfc-12e5ddc0fae3
[2024-07-30T10:33:59.824Z] [INFO] Card description changed: cb3b478c-71af-4bcb-9cfc-12e5ddc0fae3
[2024-07-30T10:34:00.054Z] [INFO] Card description changed: cb3b478c-71af-4bcb-9cfc-12e5ddc0fae3
[2024-07-30T10:34:00.386Z] [INFO] Card description changed: cb3b478c-71af-4bcb-9cfc-12e5ddc0fae3
[2024-07-30T10:34:00.538Z] [INFO] Card description changed: cb3b478c-71af-4bcb-9cfc-12e5ddc0fae3
[2024-07-30T10:34:00.698Z] [INFO] Card description changed: cb3b478c-71af-4bcb-9cfc-12e5ddc0fae3
[2024-07-30T10:34:00.815Z] [INFO] Card description changed: cb3b478c-71af-4bcb-9cfc-12e5ddc0fae3
[2024-07-30T10:34:00.906Z] [INFO] Card description changed: cb3b478c-71af-4bcb-9cfc-12e5ddc0fae3
[2024-07-30T10:34:01.030Z] [INFO] Card description changed: cb3b478c-71af-4bcb-9cfc-12e5ddc0fae3
[2024-07-30T10:34:03.633Z] [INFO] Reorder cards from list bf5b5bea-faf5-4618-ad1d-b664bdfc24e6 index 0 to list 6b36eea9-8a29-4774-b70e-9171e2847ec8 index 1
[2024-07-30T10:34:03.634Z] [INFO] Cards reordered from bf5b5bea-faf5-4618-ad1d-b664bdfc24e6 to 6b36eea9-8a29-4774-b70e-9171e2847ec8
[2024-07-30T10:34:13.894Z] [INFO] List deleted: a5f3de9e-7fab-47aa-8ab5-e47b88ac5a4d
